# Logfile created on Sat Sep 05 10:47:19 -0300 2009  [4;36;1mSQL (0.2ms)[0m   [0;1mSET NAMES 'utf8'[0m
  [4;35;1mSQL (0.2ms)[0m   [0mSET SQL_AUTO_IS_NULL=0[0m
  [4;36;1mSQL (0.1ms)[0m   [0;1mBEGIN[0m
  [4;35;1mSQL (0.1ms)[0m   [0mROLLBACK[0m
  [4;36;1mSQL (0.2ms)[0m   [0;1mSET NAMES 'utf8'[0m
  [4;35;1mSQL (0.1ms)[0m   [0mSET SQL_AUTO_IS_NULL=0[0m
  [4;36;1mSQL (0.1ms)[0m   [0;1mBEGIN[0m
  [4;35;1mSQL (0.1ms)[0m   [0mROLLBACK[0m
  [4;36;1mSQL (0.2ms)[0m   [0;1mSET NAMES 'utf8'[0m
  [4;35;1mSQL (0.1ms)[0m   [0mSET SQL_AUTO_IS_NULL=0[0m
  [4;36;1mSQL (0.1ms)[0m   [0;1mBEGIN[0m
  [4;35;1mSQL (0.1ms)[0m   [0mROLLBACK[0m
  [4;36;1mSQL (0.2ms)[0m   [0;1mSET NAMES 'utf8'[0m
  [4;35;1mSQL (0.1ms)[0m   [0mSET SQL_AUTO_IS_NULL=0[0m
  [4;36;1mSQL (0.1ms)[0m   [0;1mBEGIN[0m
  [4;35;1mRace Columns (2.2ms)[0m   [0mSHOW FIELDS FROM `races`[0m
  [4;36;1mSQL (0.1ms)[0m   [0;1mSAVEPOINT active_record_1[0m
  [4;35;1mSQL (0.2ms)[0m   [0mROLLBACK TO SAVEPOINT active_record_1[0m
  [4;36;1mSQL (0.1ms)[0m   [0;1mROLLBACK[0m
  [4;36;1mSQL (0.2ms)[0m   [0;1mSET NAMES 'utf8'[0m
  [4;35;1mSQL (0.1ms)[0m   [0mSET SQL_AUTO_IS_NULL=0[0m
  [4;36;1mSQL (0.1ms)[0m   [0;1mBEGIN[0m
  [4;35;1mRace Columns (1.8ms)[0m   [0mSHOW FIELDS FROM `races`[0m
  [4;36;1mSQL (0.1ms)[0m   [0;1mSAVEPOINT active_record_1[0m
  [4;35;1mSQL (0.1ms)[0m   [0mROLLBACK TO SAVEPOINT active_record_1[0m
  [4;36;1mSQL (0.1ms)[0m   [0;1mROLLBACK[0m
  [4;36;1mSQL (0.2ms)[0m   [0;1mSET NAMES 'utf8'[0m
  [4;35;1mSQL (0.1ms)[0m   [0mSET SQL_AUTO_IS_NULL=0[0m
  [4;36;1mSQL (0.1ms)[0m   [0;1mBEGIN[0m
  [4;35;1mRace Columns (2.4ms)[0m   [0mSHOW FIELDS FROM `races`[0m
  [4;36;1mSQL (0.2ms)[0m   [0;1mSAVEPOINT active_record_1[0m
  [4;35;1mRace Create (0.3ms)[0m   [0mINSERT INTO `races` (`name`, `place`, `stage`, `updated_at`, `date`, `url`, `distance`, `created_at`) VALUES('\"Circuito Corpore\"', NULL, NULL, '2009-09-07 22:11:59', '2009-01-01 00:00:00', NULL, '10Km', '2009-09-07 22:11:59')[0m
  [4;36;1mSQL (0.1ms)[0m   [0;1mRELEASE SAVEPOINT active_record_1[0m
  [4;35;1mSQL (0.1ms)[0m   [0mSAVEPOINT active_record_1[0m
  [4;36;1mRace Create (0.2ms)[0m   [0;1mINSERT INTO `races` (`name`, `place`, `stage`, `updated_at`, `date`, `url`, `distance`, `created_at`) VALUES('\"Circuito Adidas\"', NULL, NULL, '2009-09-07 22:11:59', '2009-01-01 00:00:00', NULL, '10Km', '2009-09-07 22:11:59')[0m
  [4;35;1mSQL (0.1ms)[0m   [0mRELEASE SAVEPOINT active_record_1[0m
  [4;36;1mSQL (35.2ms)[0m   [0;1mROLLBACK[0m
  [4;36;1mSQL (0.1ms)[0m   [0;1mSET NAMES 'utf8'[0m
  [4;35;1mSQL (0.1ms)[0m   [0mSET SQL_AUTO_IS_NULL=0[0m
  [4;36;1mSQL (0.1ms)[0m   [0;1mBEGIN[0m
  [4;35;1mRace Columns (1.7ms)[0m   [0mSHOW FIELDS FROM `races`[0m
  [4;36;1mSQL (0.1ms)[0m   [0;1mSAVEPOINT active_record_1[0m
  [4;35;1mRace Create (0.3ms)[0m   [0mINSERT INTO `races` (`name`, `place`, `stage`, `updated_at`, `date`, `url`, `distance`, `created_at`) VALUES('\"Circuito Corpore\"', NULL, NULL, '2009-09-07 22:15:49', '2009-01-01 00:00:00', NULL, '10Km', '2009-09-07 22:15:49')[0m
  [4;36;1mSQL (0.1ms)[0m   [0;1mRELEASE SAVEPOINT active_record_1[0m
  [4;35;1mSQL (0.1ms)[0m   [0mSAVEPOINT active_record_1[0m
  [4;36;1mRace Create (0.2ms)[0m   [0;1mINSERT INTO `races` (`name`, `place`, `stage`, `updated_at`, `date`, `url`, `distance`, `created_at`) VALUES('\"Circuito Adidas\"', NULL, NULL, '2009-09-07 22:15:49', '2009-01-01 00:00:00', NULL, '10Km', '2009-09-07 22:15:49')[0m
  [4;35;1mSQL (0.1ms)[0m   [0mRELEASE SAVEPOINT active_record_1[0m
REQUESTING PAGE: GET /races with {} and HTTP headers {}


Processing RacesController#index (for 127.0.0.1 at 2009-09-07 19:15:49) [GET]
  [4;36;1mRace Load (0.3ms)[0m   [0;1mSELECT * FROM `races` [0m
Rendering template within layouts/application
Rendering races/index
Completed in 40ms (View: 37, DB: 3) | 200 OK [http://www.example.com/races]
  [4;35;1mSQL (0.7ms)[0m   [0mROLLBACK[0m
